<?xml version="1.0" encoding="UTF-8"?>
<testsuite xmlns:xsi="http://www.w3.org/2001/XMLSchema-instance" xsi:noNamespaceSchemaLocation="https://maven.apache.org/surefire/maven-surefire-plugin/xsd/surefire-test-report.xsd" name="com.webapp.cloud.AmiWebapp1ApplicationTests" time="7.639" tests="1" errors="0" skipped="0" failures="0">
  <properties>
    <property name="java.specification.version" value="17"/>
    <property name="sun.jnu.encoding" value="UTF-8"/>
    <property name="java.class.path" value="/Users/johnsonanikethnagamallah/Desktop/CloudComputing/assignment5/java_practice/webappcode/target/test-classes:/Users/johnsonanikethnagamallah/Desktop/CloudComputing/assignment5/java_practice/webappcode/target/classes:/Users/johnsonanikethnagamallah/.m2/repository/org/springframework/boot/spring-boot-starter-data-jpa/2.5.6/spring-boot-starter-data-jpa-2.5.6.jar:/Users/johnsonanikethnagamallah/.m2/repository/org/springframework/boot/spring-boot-starter-aop/2.5.6/spring-boot-starter-aop-2.5.6.jar:/Users/johnsonanikethnagamallah/.m2/repository/org/aspectj/aspectjweaver/1.9.7/aspectjweaver-1.9.7.jar:/Users/johnsonanikethnagamallah/.m2/repository/org/springframework/boot/spring-boot-starter-jdbc/2.5.6/spring-boot-starter-jdbc-2.5.6.jar:/Users/johnsonanikethnagamallah/.m2/repository/com/zaxxer/HikariCP/4.0.3/HikariCP-4.0.3.jar:/Users/johnsonanikethnagamallah/.m2/repository/org/springframework/spring-jdbc/5.3.12/spring-jdbc-5.3.12.jar:/Users/johnsonanikethnagamallah/.m2/repository/jakarta/transaction/jakarta.transaction-api/1.3.3/jakarta.transaction-api-1.3.3.jar:/Users/johnsonanikethnagamallah/.m2/repository/jakarta/persistence/jakarta.persistence-api/2.2.3/jakarta.persistence-api-2.2.3.jar:/Users/johnsonanikethnagamallah/.m2/repository/org/hibernate/hibernate-core/5.4.32.Final/hibernate-core-5.4.32.Final.jar:/Users/johnsonanikethnagamallah/.m2/repository/org/jboss/logging/jboss-logging/3.4.2.Final/jboss-logging-3.4.2.Final.jar:/Users/johnsonanikethnagamallah/.m2/repository/org/javassist/javassist/3.27.0-GA/javassist-3.27.0-GA.jar:/Users/johnsonanikethnagamallah/.m2/repository/net/bytebuddy/byte-buddy/1.10.22/byte-buddy-1.10.22.jar:/Users/johnsonanikethnagamallah/.m2/repository/antlr/antlr/2.7.7/antlr-2.7.7.jar:/Users/johnsonanikethnagamallah/.m2/repository/org/jboss/jandex/2.2.3.Final/jandex-2.2.3.Final.jar:/Users/johnsonanikethnagamallah/.m2/repository/com/fasterxml/classmate/1.5.1/classmate-1.5.1.jar:/Users/johnsonanikethnagamallah/.m2/repository/org/dom4j/dom4j/2.1.3/dom4j-2.1.3.jar:/Users/johnsonanikethnagamallah/.m2/repository/org/hibernate/common/hibernate-commons-annotations/5.1.2.Final/hibernate-commons-annotations-5.1.2.Final.jar:/Users/johnsonanikethnagamallah/.m2/repository/org/glassfish/jaxb/jaxb-runtime/2.3.5/jaxb-runtime-2.3.5.jar:/Users/johnsonanikethnagamallah/.m2/repository/org/glassfish/jaxb/txw2/2.3.5/txw2-2.3.5.jar:/Users/johnsonanikethnagamallah/.m2/repository/com/sun/istack/istack-commons-runtime/3.0.12/istack-commons-runtime-3.0.12.jar:/Users/johnsonanikethnagamallah/.m2/repository/org/springframework/data/spring-data-jpa/2.5.6/spring-data-jpa-2.5.6.jar:/Users/johnsonanikethnagamallah/.m2/repository/org/springframework/data/spring-data-commons/2.5.6/spring-data-commons-2.5.6.jar:/Users/johnsonanikethnagamallah/.m2/repository/org/springframework/spring-orm/5.3.12/spring-orm-5.3.12.jar:/Users/johnsonanikethnagamallah/.m2/repository/org/springframework/spring-context/5.3.12/spring-context-5.3.12.jar:/Users/johnsonanikethnagamallah/.m2/repository/org/springframework/spring-tx/5.3.12/spring-tx-5.3.12.jar:/Users/johnsonanikethnagamallah/.m2/repository/org/springframework/spring-beans/5.3.12/spring-beans-5.3.12.jar:/Users/johnsonanikethnagamallah/.m2/repository/org/springframework/spring-aspects/5.3.12/spring-aspects-5.3.12.jar:/Users/johnsonanikethnagamallah/.m2/repository/org/springframework/boot/spring-boot-starter-security/2.5.6/spring-boot-starter-security-2.5.6.jar:/Users/johnsonanikethnagamallah/.m2/repository/org/springframework/boot/spring-boot-starter/2.5.6/spring-boot-starter-2.5.6.jar:/Users/johnsonanikethnagamallah/.m2/repository/org/springframework/boot/spring-boot/2.5.6/spring-boot-2.5.6.jar:/Users/johnsonanikethnagamallah/.m2/repository/org/springframework/boot/spring-boot-autoconfigure/2.5.6/spring-boot-autoconfigure-2.5.6.jar:/Users/johnsonanikethnagamallah/.m2/repository/org/springframework/boot/spring-boot-starter-logging/2.5.6/spring-boot-starter-logging-2.5.6.jar:/Users/johnsonanikethnagamallah/.m2/repository/ch/qos/logback/logback-classic/1.2.6/logback-classic-1.2.6.jar:/Users/johnsonanikethnagamallah/.m2/repository/ch/qos/logback/logback-core/1.2.6/logback-core-1.2.6.jar:/Users/johnsonanikethnagamallah/.m2/repository/org/apache/logging/log4j/log4j-to-slf4j/2.14.1/log4j-to-slf4j-2.14.1.jar:/Users/johnsonanikethnagamallah/.m2/repository/org/apache/logging/log4j/log4j-api/2.14.1/log4j-api-2.14.1.jar:/Users/johnsonanikethnagamallah/.m2/repository/org/slf4j/jul-to-slf4j/1.7.32/jul-to-slf4j-1.7.32.jar:/Users/johnsonanikethnagamallah/.m2/repository/org/yaml/snakeyaml/1.28/snakeyaml-1.28.jar:/Users/johnsonanikethnagamallah/.m2/repository/org/springframework/spring-aop/5.3.12/spring-aop-5.3.12.jar:/Users/johnsonanikethnagamallah/.m2/repository/org/springframework/security/spring-security-config/5.5.3/spring-security-config-5.5.3.jar:/Users/johnsonanikethnagamallah/.m2/repository/org/springframework/security/spring-security-web/5.5.3/spring-security-web-5.5.3.jar:/Users/johnsonanikethnagamallah/.m2/repository/org/springframework/spring-expression/5.3.12/spring-expression-5.3.12.jar:/Users/johnsonanikethnagamallah/.m2/repository/org/springframework/boot/spring-boot-starter-web/2.5.6/spring-boot-starter-web-2.5.6.jar:/Users/johnsonanikethnagamallah/.m2/repository/org/springframework/boot/spring-boot-starter-json/2.5.6/spring-boot-starter-json-2.5.6.jar:/Users/johnsonanikethnagamallah/.m2/repository/com/fasterxml/jackson/datatype/jackson-datatype-jdk8/2.12.5/jackson-datatype-jdk8-2.12.5.jar:/Users/johnsonanikethnagamallah/.m2/repository/com/fasterxml/jackson/datatype/jackson-datatype-jsr310/2.12.5/jackson-datatype-jsr310-2.12.5.jar:/Users/johnsonanikethnagamallah/.m2/repository/com/fasterxml/jackson/module/jackson-module-parameter-names/2.12.5/jackson-module-parameter-names-2.12.5.jar:/Users/johnsonanikethnagamallah/.m2/repository/org/springframework/boot/spring-boot-starter-tomcat/2.5.6/spring-boot-starter-tomcat-2.5.6.jar:/Users/johnsonanikethnagamallah/.m2/repository/org/apache/tomcat/embed/tomcat-embed-core/9.0.54/tomcat-embed-core-9.0.54.jar:/Users/johnsonanikethnagamallah/.m2/repository/org/apache/tomcat/embed/tomcat-embed-el/9.0.54/tomcat-embed-el-9.0.54.jar:/Users/johnsonanikethnagamallah/.m2/repository/org/apache/tomcat/embed/tomcat-embed-websocket/9.0.54/tomcat-embed-websocket-9.0.54.jar:/Users/johnsonanikethnagamallah/.m2/repository/org/springframework/spring-web/5.3.12/spring-web-5.3.12.jar:/Users/johnsonanikethnagamallah/.m2/repository/org/springframework/spring-webmvc/5.3.12/spring-webmvc-5.3.12.jar:/Users/johnsonanikethnagamallah/.m2/repository/org/apache/cxf/cxf-spring-boot-starter-jaxrs/3.4.5/cxf-spring-boot-starter-jaxrs-3.4.5.jar:/Users/johnsonanikethnagamallah/.m2/repository/org/apache/cxf/cxf-spring-boot-autoconfigure/3.4.5/cxf-spring-boot-autoconfigure-3.4.5.jar:/Users/johnsonanikethnagamallah/.m2/repository/org/apache/cxf/cxf-rt-transports-http/3.4.5/cxf-rt-transports-http-3.4.5.jar:/Users/johnsonanikethnagamallah/.m2/repository/org/apache/cxf/cxf-core/3.4.5/cxf-core-3.4.5.jar:/Users/johnsonanikethnagamallah/.m2/repository/com/fasterxml/woodstox/woodstox-core/6.2.6/woodstox-core-6.2.6.jar:/Users/johnsonanikethnagamallah/.m2/repository/org/codehaus/woodstox/stax2-api/4.2.1/stax2-api-4.2.1.jar:/Users/johnsonanikethnagamallah/.m2/repository/org/apache/ws/xmlschema/xmlschema-core/2.2.5/xmlschema-core-2.2.5.jar:/Users/johnsonanikethnagamallah/.m2/repository/org/apache/cxf/cxf-rt-frontend-jaxrs/3.4.5/cxf-rt-frontend-jaxrs-3.4.5.jar:/Users/johnsonanikethnagamallah/.m2/repository/jakarta/ws/rs/jakarta.ws.rs-api/2.1.6/jakarta.ws.rs-api-2.1.6.jar:/Users/johnsonanikethnagamallah/.m2/repository/org/apache/cxf/cxf-rt-security/3.4.5/cxf-rt-security-3.4.5.jar:/Users/johnsonanikethnagamallah/.m2/repository/org/apache/cxf/cxf-rt-rs-client/3.4.5/cxf-rt-rs-client-3.4.5.jar:/Users/johnsonanikethnagamallah/.m2/repository/jakarta/validation/jakarta.validation-api/2.0.2/jakarta.validation-api-2.0.2.jar:/Users/johnsonanikethnagamallah/.m2/repository/org/springframework/boot/spring-boot-starter-validation/2.5.6/spring-boot-starter-validation-2.5.6.jar:/Users/johnsonanikethnagamallah/.m2/repository/org/hibernate/validator/hibernate-validator/6.2.0.Final/hibernate-validator-6.2.0.Final.jar:/Users/johnsonanikethnagamallah/.m2/repository/jakarta/annotation/jakarta.annotation-api/1.3.5/jakarta.annotation-api-1.3.5.jar:/Users/johnsonanikethnagamallah/.m2/repository/jakarta/xml/ws/jakarta.xml.ws-api/2.3.3/jakarta.xml.ws-api-2.3.3.jar:/Users/johnsonanikethnagamallah/.m2/repository/jakarta/jws/jakarta.jws-api/2.1.0/jakarta.jws-api-2.1.0.jar:/Users/johnsonanikethnagamallah/.m2/repository/jakarta/xml/soap/jakarta.xml.soap-api/1.4.2/jakarta.xml.soap-api-1.4.2.jar:/Users/johnsonanikethnagamallah/.m2/repository/jakarta/activation/jakarta.activation-api/1.2.2/jakarta.activation-api-1.2.2.jar:/Users/johnsonanikethnagamallah/.m2/repository/com/sun/activation/jakarta.activation/1.2.2/jakarta.activation-1.2.2.jar:/Users/johnsonanikethnagamallah/.m2/repository/com/sun/xml/messaging/saaj/saaj-impl/1.5.3/saaj-impl-1.5.3.jar:/Users/johnsonanikethnagamallah/.m2/repository/org/jvnet/staxex/stax-ex/1.8.3/stax-ex-1.8.3.jar:/Users/johnsonanikethnagamallah/.m2/repository/org/apache/geronimo/specs/geronimo-jta_1.1_spec/1.1.1/geronimo-jta_1.1_spec-1.1.1.jar:/Users/johnsonanikethnagamallah/.m2/repository/com/fasterxml/jackson/jaxrs/jackson-jaxrs-json-provider/2.13.0/jackson-jaxrs-json-provider-2.13.0.jar:/Users/johnsonanikethnagamallah/.m2/repository/com/fasterxml/jackson/jaxrs/jackson-jaxrs-base/2.12.5/jackson-jaxrs-base-2.12.5.jar:/Users/johnsonanikethnagamallah/.m2/repository/com/fasterxml/jackson/core/jackson-core/2.12.5/jackson-core-2.12.5.jar:/Users/johnsonanikethnagamallah/.m2/repository/com/fasterxml/jackson/module/jackson-module-jaxb-annotations/2.12.5/jackson-module-jaxb-annotations-2.12.5.jar:/Users/johnsonanikethnagamallah/.m2/repository/com/fasterxml/jackson/core/jackson-annotations/2.12.5/jackson-annotations-2.12.5.jar:/Users/johnsonanikethnagamallah/.m2/repository/org/springframework/cloud/spring-cloud-starter-aws/2.2.6.RELEASE/spring-cloud-starter-aws-2.2.6.RELEASE.jar:/Users/johnsonanikethnagamallah/.m2/repository/org/springframework/cloud/spring-cloud-aws-context/2.2.6.RELEASE/spring-cloud-aws-context-2.2.6.RELEASE.jar:/Users/johnsonanikethnagamallah/.m2/repository/org/springframework/cloud/spring-cloud-aws-core/2.2.6.RELEASE/spring-cloud-aws-core-2.2.6.RELEASE.jar:/Users/johnsonanikethnagamallah/.m2/repository/com/amazonaws/aws-java-sdk-core/1.11.792/aws-java-sdk-core-1.11.792.jar:/Users/johnsonanikethnagamallah/.m2/repository/org/apache/httpcomponents/httpclient/4.5.13/httpclient-4.5.13.jar:/Users/johnsonanikethnagamallah/.m2/repository/org/apache/httpcomponents/httpcore/4.4.14/httpcore-4.4.14.jar:/Users/johnsonanikethnagamallah/.m2/repository/commons-codec/commons-codec/1.15/commons-codec-1.15.jar:/Users/johnsonanikethnagamallah/.m2/repository/software/amazon/ion/ion-java/1.0.2/ion-java-1.0.2.jar:/Users/johnsonanikethnagamallah/.m2/repository/com/fasterxml/jackson/dataformat/jackson-dataformat-cbor/2.12.5/jackson-dataformat-cbor-2.12.5.jar:/Users/johnsonanikethnagamallah/.m2/repository/joda-time/joda-time/2.8.1/joda-time-2.8.1.jar:/Users/johnsonanikethnagamallah/.m2/repository/com/amazonaws/aws-java-sdk-s3/1.11.792/aws-java-sdk-s3-1.11.792.jar:/Users/johnsonanikethnagamallah/.m2/repository/com/amazonaws/aws-java-sdk-kms/1.11.792/aws-java-sdk-kms-1.11.792.jar:/Users/johnsonanikethnagamallah/.m2/repository/com/amazonaws/jmespath-java/1.11.792/jmespath-java-1.11.792.jar:/Users/johnsonanikethnagamallah/.m2/repository/com/amazonaws/aws-java-sdk-ec2/1.11.792/aws-java-sdk-ec2-1.11.792.jar:/Users/johnsonanikethnagamallah/.m2/repository/com/amazonaws/aws-java-sdk-cloudformation/1.11.792/aws-java-sdk-cloudformation-1.11.792.jar:/Users/johnsonanikethnagamallah/.m2/repository/org/springframework/cloud/spring-cloud-aws-autoconfigure/2.2.6.RELEASE/spring-cloud-aws-autoconfigure-2.2.6.RELEASE.jar:/Users/johnsonanikethnagamallah/.m2/repository/org/slf4j/slf4j-api/1.7.32/slf4j-api-1.7.32.jar:/Users/johnsonanikethnagamallah/.m2/repository/javax/activation/javax.activation-api/1.2.0/javax.activation-api-1.2.0.jar:/Users/johnsonanikethnagamallah/.m2/repository/mysql/mysql-connector-java/8.0.27/mysql-connector-java-8.0.27.jar:/Users/johnsonanikethnagamallah/.m2/repository/io/jsonwebtoken/jjwt/0.9.1/jjwt-0.9.1.jar:/Users/johnsonanikethnagamallah/.m2/repository/com/fasterxml/jackson/core/jackson-databind/2.12.5/jackson-databind-2.12.5.jar:/Users/johnsonanikethnagamallah/.m2/repository/org/projectlombok/lombok/1.18.22/lombok-1.18.22.jar:/Users/johnsonanikethnagamallah/.m2/repository/org/springframework/boot/spring-boot-starter-test/2.5.6/spring-boot-starter-test-2.5.6.jar:/Users/johnsonanikethnagamallah/.m2/repository/org/springframework/boot/spring-boot-test/2.5.6/spring-boot-test-2.5.6.jar:/Users/johnsonanikethnagamallah/.m2/repository/org/springframework/boot/spring-boot-test-autoconfigure/2.5.6/spring-boot-test-autoconfigure-2.5.6.jar:/Users/johnsonanikethnagamallah/.m2/repository/com/jayway/jsonpath/json-path/2.5.0/json-path-2.5.0.jar:/Users/johnsonanikethnagamallah/.m2/repository/net/minidev/json-smart/2.4.7/json-smart-2.4.7.jar:/Users/johnsonanikethnagamallah/.m2/repository/net/minidev/accessors-smart/2.4.7/accessors-smart-2.4.7.jar:/Users/johnsonanikethnagamallah/.m2/repository/org/ow2/asm/asm/9.1/asm-9.1.jar:/Users/johnsonanikethnagamallah/.m2/repository/jakarta/xml/bind/jakarta.xml.bind-api/2.3.3/jakarta.xml.bind-api-2.3.3.jar:/Users/johnsonanikethnagamallah/.m2/repository/org/assertj/assertj-core/3.19.0/assertj-core-3.19.0.jar:/Users/johnsonanikethnagamallah/.m2/repository/org/hamcrest/hamcrest/2.2/hamcrest-2.2.jar:/Users/johnsonanikethnagamallah/.m2/repository/org/junit/jupiter/junit-jupiter/5.7.2/junit-jupiter-5.7.2.jar:/Users/johnsonanikethnagamallah/.m2/repository/org/junit/jupiter/junit-jupiter-api/5.7.2/junit-jupiter-api-5.7.2.jar:/Users/johnsonanikethnagamallah/.m2/repository/org/apiguardian/apiguardian-api/1.1.0/apiguardian-api-1.1.0.jar:/Users/johnsonanikethnagamallah/.m2/repository/org/opentest4j/opentest4j/1.2.0/opentest4j-1.2.0.jar:/Users/johnsonanikethnagamallah/.m2/repository/org/junit/platform/junit-platform-commons/1.7.2/junit-platform-commons-1.7.2.jar:/Users/johnsonanikethnagamallah/.m2/repository/org/junit/jupiter/junit-jupiter-params/5.7.2/junit-jupiter-params-5.7.2.jar:/Users/johnsonanikethnagamallah/.m2/repository/org/junit/jupiter/junit-jupiter-engine/5.7.2/junit-jupiter-engine-5.7.2.jar:/Users/johnsonanikethnagamallah/.m2/repository/org/junit/platform/junit-platform-engine/1.7.2/junit-platform-engine-1.7.2.jar:/Users/johnsonanikethnagamallah/.m2/repository/org/mockito/mockito-core/3.9.0/mockito-core-3.9.0.jar:/Users/johnsonanikethnagamallah/.m2/repository/net/bytebuddy/byte-buddy-agent/1.10.22/byte-buddy-agent-1.10.22.jar:/Users/johnsonanikethnagamallah/.m2/repository/org/objenesis/objenesis/3.2/objenesis-3.2.jar:/Users/johnsonanikethnagamallah/.m2/repository/org/mockito/mockito-junit-jupiter/3.9.0/mockito-junit-jupiter-3.9.0.jar:/Users/johnsonanikethnagamallah/.m2/repository/org/skyscreamer/jsonassert/1.5.0/jsonassert-1.5.0.jar:/Users/johnsonanikethnagamallah/.m2/repository/com/vaadin/external/google/android-json/0.0.20131108.vaadin1/android-json-0.0.20131108.vaadin1.jar:/Users/johnsonanikethnagamallah/.m2/repository/org/springframework/spring-core/5.3.12/spring-core-5.3.12.jar:/Users/johnsonanikethnagamallah/.m2/repository/org/springframework/spring-jcl/5.3.12/spring-jcl-5.3.12.jar:/Users/johnsonanikethnagamallah/.m2/repository/org/springframework/spring-test/5.3.12/spring-test-5.3.12.jar:/Users/johnsonanikethnagamallah/.m2/repository/org/xmlunit/xmlunit-core/2.8.3/xmlunit-core-2.8.3.jar:/Users/johnsonanikethnagamallah/.m2/repository/org/springframework/security/spring-security-test/5.5.3/spring-security-test-5.5.3.jar:/Users/johnsonanikethnagamallah/.m2/repository/org/springframework/security/spring-security-core/5.5.3/spring-security-core-5.5.3.jar:/Users/johnsonanikethnagamallah/.m2/repository/org/springframework/security/spring-security-crypto/5.5.3/spring-security-crypto-5.5.3.jar:"/>
    <property name="java.vm.vendor" value="Homebrew"/>
    <property name="sun.arch.data.model" value="64"/>
    <property name="java.vendor.url" value="https://github.com/Homebrew/homebrew-core/issues"/>
    <property name="os.name" value="Mac OS X"/>
    <property name="java.vm.specification.version" value="17"/>
    <property name="sun.java.launcher" value="SUN_STANDARD"/>
    <property name="user.country" value="US"/>
    <property name="sun.boot.library.path" value="/opt/homebrew/Cellar/openjdk/17/libexec/openjdk.jdk/Contents/Home/lib"/>
    <property name="sun.java.command" value="/Users/johnsonanikethnagamallah/Desktop/CloudComputing/assignment5/java_practice/webappcode/target/surefire/surefirebooter12860475600834996937.jar /Users/johnsonanikethnagamallah/Desktop/CloudComputing/assignment5/java_practice/webappcode/target/surefire 2021-11-02T18-09-38_702-jvmRun1 surefire18333845333562498828tmp surefire_06752705462189573881tmp"/>
    <property name="http.nonProxyHosts" value="local|*.local|169.254/16|*.169.254/16"/>
    <property name="jdk.debug" value="release"/>
    <property name="surefire.test.class.path" value="/Users/johnsonanikethnagamallah/Desktop/CloudComputing/assignment5/java_practice/webappcode/target/test-classes:/Users/johnsonanikethnagamallah/Desktop/CloudComputing/assignment5/java_practice/webappcode/target/classes:/Users/johnsonanikethnagamallah/.m2/repository/org/springframework/boot/spring-boot-starter-data-jpa/2.5.6/spring-boot-starter-data-jpa-2.5.6.jar:/Users/johnsonanikethnagamallah/.m2/repository/org/springframework/boot/spring-boot-starter-aop/2.5.6/spring-boot-starter-aop-2.5.6.jar:/Users/johnsonanikethnagamallah/.m2/repository/org/aspectj/aspectjweaver/1.9.7/aspectjweaver-1.9.7.jar:/Users/johnsonanikethnagamallah/.m2/repository/org/springframework/boot/spring-boot-starter-jdbc/2.5.6/spring-boot-starter-jdbc-2.5.6.jar:/Users/johnsonanikethnagamallah/.m2/repository/com/zaxxer/HikariCP/4.0.3/HikariCP-4.0.3.jar:/Users/johnsonanikethnagamallah/.m2/repository/org/springframework/spring-jdbc/5.3.12/spring-jdbc-5.3.12.jar:/Users/johnsonanikethnagamallah/.m2/repository/jakarta/transaction/jakarta.transaction-api/1.3.3/jakarta.transaction-api-1.3.3.jar:/Users/johnsonanikethnagamallah/.m2/repository/jakarta/persistence/jakarta.persistence-api/2.2.3/jakarta.persistence-api-2.2.3.jar:/Users/johnsonanikethnagamallah/.m2/repository/org/hibernate/hibernate-core/5.4.32.Final/hibernate-core-5.4.32.Final.jar:/Users/johnsonanikethnagamallah/.m2/repository/org/jboss/logging/jboss-logging/3.4.2.Final/jboss-logging-3.4.2.Final.jar:/Users/johnsonanikethnagamallah/.m2/repository/org/javassist/javassist/3.27.0-GA/javassist-3.27.0-GA.jar:/Users/johnsonanikethnagamallah/.m2/repository/net/bytebuddy/byte-buddy/1.10.22/byte-buddy-1.10.22.jar:/Users/johnsonanikethnagamallah/.m2/repository/antlr/antlr/2.7.7/antlr-2.7.7.jar:/Users/johnsonanikethnagamallah/.m2/repository/org/jboss/jandex/2.2.3.Final/jandex-2.2.3.Final.jar:/Users/johnsonanikethnagamallah/.m2/repository/com/fasterxml/classmate/1.5.1/classmate-1.5.1.jar:/Users/johnsonanikethnagamallah/.m2/repository/org/dom4j/dom4j/2.1.3/dom4j-2.1.3.jar:/Users/johnsonanikethnagamallah/.m2/repository/org/hibernate/common/hibernate-commons-annotations/5.1.2.Final/hibernate-commons-annotations-5.1.2.Final.jar:/Users/johnsonanikethnagamallah/.m2/repository/org/glassfish/jaxb/jaxb-runtime/2.3.5/jaxb-runtime-2.3.5.jar:/Users/johnsonanikethnagamallah/.m2/repository/org/glassfish/jaxb/txw2/2.3.5/txw2-2.3.5.jar:/Users/johnsonanikethnagamallah/.m2/repository/com/sun/istack/istack-commons-runtime/3.0.12/istack-commons-runtime-3.0.12.jar:/Users/johnsonanikethnagamallah/.m2/repository/org/springframework/data/spring-data-jpa/2.5.6/spring-data-jpa-2.5.6.jar:/Users/johnsonanikethnagamallah/.m2/repository/org/springframework/data/spring-data-commons/2.5.6/spring-data-commons-2.5.6.jar:/Users/johnsonanikethnagamallah/.m2/repository/org/springframework/spring-orm/5.3.12/spring-orm-5.3.12.jar:/Users/johnsonanikethnagamallah/.m2/repository/org/springframework/spring-context/5.3.12/spring-context-5.3.12.jar:/Users/johnsonanikethnagamallah/.m2/repository/org/springframework/spring-tx/5.3.12/spring-tx-5.3.12.jar:/Users/johnsonanikethnagamallah/.m2/repository/org/springframework/spring-beans/5.3.12/spring-beans-5.3.12.jar:/Users/johnsonanikethnagamallah/.m2/repository/org/springframework/spring-aspects/5.3.12/spring-aspects-5.3.12.jar:/Users/johnsonanikethnagamallah/.m2/repository/org/springframework/boot/spring-boot-starter-security/2.5.6/spring-boot-starter-security-2.5.6.jar:/Users/johnsonanikethnagamallah/.m2/repository/org/springframework/boot/spring-boot-starter/2.5.6/spring-boot-starter-2.5.6.jar:/Users/johnsonanikethnagamallah/.m2/repository/org/springframework/boot/spring-boot/2.5.6/spring-boot-2.5.6.jar:/Users/johnsonanikethnagamallah/.m2/repository/org/springframework/boot/spring-boot-autoconfigure/2.5.6/spring-boot-autoconfigure-2.5.6.jar:/Users/johnsonanikethnagamallah/.m2/repository/org/springframework/boot/spring-boot-starter-logging/2.5.6/spring-boot-starter-logging-2.5.6.jar:/Users/johnsonanikethnagamallah/.m2/repository/ch/qos/logback/logback-classic/1.2.6/logback-classic-1.2.6.jar:/Users/johnsonanikethnagamallah/.m2/repository/ch/qos/logback/logback-core/1.2.6/logback-core-1.2.6.jar:/Users/johnsonanikethnagamallah/.m2/repository/org/apache/logging/log4j/log4j-to-slf4j/2.14.1/log4j-to-slf4j-2.14.1.jar:/Users/johnsonanikethnagamallah/.m2/repository/org/apache/logging/log4j/log4j-api/2.14.1/log4j-api-2.14.1.jar:/Users/johnsonanikethnagamallah/.m2/repository/org/slf4j/jul-to-slf4j/1.7.32/jul-to-slf4j-1.7.32.jar:/Users/johnsonanikethnagamallah/.m2/repository/org/yaml/snakeyaml/1.28/snakeyaml-1.28.jar:/Users/johnsonanikethnagamallah/.m2/repository/org/springframework/spring-aop/5.3.12/spring-aop-5.3.12.jar:/Users/johnsonanikethnagamallah/.m2/repository/org/springframework/security/spring-security-config/5.5.3/spring-security-config-5.5.3.jar:/Users/johnsonanikethnagamallah/.m2/repository/org/springframework/security/spring-security-web/5.5.3/spring-security-web-5.5.3.jar:/Users/johnsonanikethnagamallah/.m2/repository/org/springframework/spring-expression/5.3.12/spring-expression-5.3.12.jar:/Users/johnsonanikethnagamallah/.m2/repository/org/springframework/boot/spring-boot-starter-web/2.5.6/spring-boot-starter-web-2.5.6.jar:/Users/johnsonanikethnagamallah/.m2/repository/org/springframework/boot/spring-boot-starter-json/2.5.6/spring-boot-starter-json-2.5.6.jar:/Users/johnsonanikethnagamallah/.m2/repository/com/fasterxml/jackson/datatype/jackson-datatype-jdk8/2.12.5/jackson-datatype-jdk8-2.12.5.jar:/Users/johnsonanikethnagamallah/.m2/repository/com/fasterxml/jackson/datatype/jackson-datatype-jsr310/2.12.5/jackson-datatype-jsr310-2.12.5.jar:/Users/johnsonanikethnagamallah/.m2/repository/com/fasterxml/jackson/module/jackson-module-parameter-names/2.12.5/jackson-module-parameter-names-2.12.5.jar:/Users/johnsonanikethnagamallah/.m2/repository/org/springframework/boot/spring-boot-starter-tomcat/2.5.6/spring-boot-starter-tomcat-2.5.6.jar:/Users/johnsonanikethnagamallah/.m2/repository/org/apache/tomcat/embed/tomcat-embed-core/9.0.54/tomcat-embed-core-9.0.54.jar:/Users/johnsonanikethnagamallah/.m2/repository/org/apache/tomcat/embed/tomcat-embed-el/9.0.54/tomcat-embed-el-9.0.54.jar:/Users/johnsonanikethnagamallah/.m2/repository/org/apache/tomcat/embed/tomcat-embed-websocket/9.0.54/tomcat-embed-websocket-9.0.54.jar:/Users/johnsonanikethnagamallah/.m2/repository/org/springframework/spring-web/5.3.12/spring-web-5.3.12.jar:/Users/johnsonanikethnagamallah/.m2/repository/org/springframework/spring-webmvc/5.3.12/spring-webmvc-5.3.12.jar:/Users/johnsonanikethnagamallah/.m2/repository/org/apache/cxf/cxf-spring-boot-starter-jaxrs/3.4.5/cxf-spring-boot-starter-jaxrs-3.4.5.jar:/Users/johnsonanikethnagamallah/.m2/repository/org/apache/cxf/cxf-spring-boot-autoconfigure/3.4.5/cxf-spring-boot-autoconfigure-3.4.5.jar:/Users/johnsonanikethnagamallah/.m2/repository/org/apache/cxf/cxf-rt-transports-http/3.4.5/cxf-rt-transports-http-3.4.5.jar:/Users/johnsonanikethnagamallah/.m2/repository/org/apache/cxf/cxf-core/3.4.5/cxf-core-3.4.5.jar:/Users/johnsonanikethnagamallah/.m2/repository/com/fasterxml/woodstox/woodstox-core/6.2.6/woodstox-core-6.2.6.jar:/Users/johnsonanikethnagamallah/.m2/repository/org/codehaus/woodstox/stax2-api/4.2.1/stax2-api-4.2.1.jar:/Users/johnsonanikethnagamallah/.m2/repository/org/apache/ws/xmlschema/xmlschema-core/2.2.5/xmlschema-core-2.2.5.jar:/Users/johnsonanikethnagamallah/.m2/repository/org/apache/cxf/cxf-rt-frontend-jaxrs/3.4.5/cxf-rt-frontend-jaxrs-3.4.5.jar:/Users/johnsonanikethnagamallah/.m2/repository/jakarta/ws/rs/jakarta.ws.rs-api/2.1.6/jakarta.ws.rs-api-2.1.6.jar:/Users/johnsonanikethnagamallah/.m2/repository/org/apache/cxf/cxf-rt-security/3.4.5/cxf-rt-security-3.4.5.jar:/Users/johnsonanikethnagamallah/.m2/repository/org/apache/cxf/cxf-rt-rs-client/3.4.5/cxf-rt-rs-client-3.4.5.jar:/Users/johnsonanikethnagamallah/.m2/repository/jakarta/validation/jakarta.validation-api/2.0.2/jakarta.validation-api-2.0.2.jar:/Users/johnsonanikethnagamallah/.m2/repository/org/springframework/boot/spring-boot-starter-validation/2.5.6/spring-boot-starter-validation-2.5.6.jar:/Users/johnsonanikethnagamallah/.m2/repository/org/hibernate/validator/hibernate-validator/6.2.0.Final/hibernate-validator-6.2.0.Final.jar:/Users/johnsonanikethnagamallah/.m2/repository/jakarta/annotation/jakarta.annotation-api/1.3.5/jakarta.annotation-api-1.3.5.jar:/Users/johnsonanikethnagamallah/.m2/repository/jakarta/xml/ws/jakarta.xml.ws-api/2.3.3/jakarta.xml.ws-api-2.3.3.jar:/Users/johnsonanikethnagamallah/.m2/repository/jakarta/jws/jakarta.jws-api/2.1.0/jakarta.jws-api-2.1.0.jar:/Users/johnsonanikethnagamallah/.m2/repository/jakarta/xml/soap/jakarta.xml.soap-api/1.4.2/jakarta.xml.soap-api-1.4.2.jar:/Users/johnsonanikethnagamallah/.m2/repository/jakarta/activation/jakarta.activation-api/1.2.2/jakarta.activation-api-1.2.2.jar:/Users/johnsonanikethnagamallah/.m2/repository/com/sun/activation/jakarta.activation/1.2.2/jakarta.activation-1.2.2.jar:/Users/johnsonanikethnagamallah/.m2/repository/com/sun/xml/messaging/saaj/saaj-impl/1.5.3/saaj-impl-1.5.3.jar:/Users/johnsonanikethnagamallah/.m2/repository/org/jvnet/staxex/stax-ex/1.8.3/stax-ex-1.8.3.jar:/Users/johnsonanikethnagamallah/.m2/repository/org/apache/geronimo/specs/geronimo-jta_1.1_spec/1.1.1/geronimo-jta_1.1_spec-1.1.1.jar:/Users/johnsonanikethnagamallah/.m2/repository/com/fasterxml/jackson/jaxrs/jackson-jaxrs-json-provider/2.13.0/jackson-jaxrs-json-provider-2.13.0.jar:/Users/johnsonanikethnagamallah/.m2/repository/com/fasterxml/jackson/jaxrs/jackson-jaxrs-base/2.12.5/jackson-jaxrs-base-2.12.5.jar:/Users/johnsonanikethnagamallah/.m2/repository/com/fasterxml/jackson/core/jackson-core/2.12.5/jackson-core-2.12.5.jar:/Users/johnsonanikethnagamallah/.m2/repository/com/fasterxml/jackson/module/jackson-module-jaxb-annotations/2.12.5/jackson-module-jaxb-annotations-2.12.5.jar:/Users/johnsonanikethnagamallah/.m2/repository/com/fasterxml/jackson/core/jackson-annotations/2.12.5/jackson-annotations-2.12.5.jar:/Users/johnsonanikethnagamallah/.m2/repository/org/springframework/cloud/spring-cloud-starter-aws/2.2.6.RELEASE/spring-cloud-starter-aws-2.2.6.RELEASE.jar:/Users/johnsonanikethnagamallah/.m2/repository/org/springframework/cloud/spring-cloud-aws-context/2.2.6.RELEASE/spring-cloud-aws-context-2.2.6.RELEASE.jar:/Users/johnsonanikethnagamallah/.m2/repository/org/springframework/cloud/spring-cloud-aws-core/2.2.6.RELEASE/spring-cloud-aws-core-2.2.6.RELEASE.jar:/Users/johnsonanikethnagamallah/.m2/repository/com/amazonaws/aws-java-sdk-core/1.11.792/aws-java-sdk-core-1.11.792.jar:/Users/johnsonanikethnagamallah/.m2/repository/org/apache/httpcomponents/httpclient/4.5.13/httpclient-4.5.13.jar:/Users/johnsonanikethnagamallah/.m2/repository/org/apache/httpcomponents/httpcore/4.4.14/httpcore-4.4.14.jar:/Users/johnsonanikethnagamallah/.m2/repository/commons-codec/commons-codec/1.15/commons-codec-1.15.jar:/Users/johnsonanikethnagamallah/.m2/repository/software/amazon/ion/ion-java/1.0.2/ion-java-1.0.2.jar:/Users/johnsonanikethnagamallah/.m2/repository/com/fasterxml/jackson/dataformat/jackson-dataformat-cbor/2.12.5/jackson-dataformat-cbor-2.12.5.jar:/Users/johnsonanikethnagamallah/.m2/repository/joda-time/joda-time/2.8.1/joda-time-2.8.1.jar:/Users/johnsonanikethnagamallah/.m2/repository/com/amazonaws/aws-java-sdk-s3/1.11.792/aws-java-sdk-s3-1.11.792.jar:/Users/johnsonanikethnagamallah/.m2/repository/com/amazonaws/aws-java-sdk-kms/1.11.792/aws-java-sdk-kms-1.11.792.jar:/Users/johnsonanikethnagamallah/.m2/repository/com/amazonaws/jmespath-java/1.11.792/jmespath-java-1.11.792.jar:/Users/johnsonanikethnagamallah/.m2/repository/com/amazonaws/aws-java-sdk-ec2/1.11.792/aws-java-sdk-ec2-1.11.792.jar:/Users/johnsonanikethnagamallah/.m2/repository/com/amazonaws/aws-java-sdk-cloudformation/1.11.792/aws-java-sdk-cloudformation-1.11.792.jar:/Users/johnsonanikethnagamallah/.m2/repository/org/springframework/cloud/spring-cloud-aws-autoconfigure/2.2.6.RELEASE/spring-cloud-aws-autoconfigure-2.2.6.RELEASE.jar:/Users/johnsonanikethnagamallah/.m2/repository/org/slf4j/slf4j-api/1.7.32/slf4j-api-1.7.32.jar:/Users/johnsonanikethnagamallah/.m2/repository/javax/activation/javax.activation-api/1.2.0/javax.activation-api-1.2.0.jar:/Users/johnsonanikethnagamallah/.m2/repository/mysql/mysql-connector-java/8.0.27/mysql-connector-java-8.0.27.jar:/Users/johnsonanikethnagamallah/.m2/repository/io/jsonwebtoken/jjwt/0.9.1/jjwt-0.9.1.jar:/Users/johnsonanikethnagamallah/.m2/repository/com/fasterxml/jackson/core/jackson-databind/2.12.5/jackson-databind-2.12.5.jar:/Users/johnsonanikethnagamallah/.m2/repository/org/projectlombok/lombok/1.18.22/lombok-1.18.22.jar:/Users/johnsonanikethnagamallah/.m2/repository/org/springframework/boot/spring-boot-starter-test/2.5.6/spring-boot-starter-test-2.5.6.jar:/Users/johnsonanikethnagamallah/.m2/repository/org/springframework/boot/spring-boot-test/2.5.6/spring-boot-test-2.5.6.jar:/Users/johnsonanikethnagamallah/.m2/repository/org/springframework/boot/spring-boot-test-autoconfigure/2.5.6/spring-boot-test-autoconfigure-2.5.6.jar:/Users/johnsonanikethnagamallah/.m2/repository/com/jayway/jsonpath/json-path/2.5.0/json-path-2.5.0.jar:/Users/johnsonanikethnagamallah/.m2/repository/net/minidev/json-smart/2.4.7/json-smart-2.4.7.jar:/Users/johnsonanikethnagamallah/.m2/repository/net/minidev/accessors-smart/2.4.7/accessors-smart-2.4.7.jar:/Users/johnsonanikethnagamallah/.m2/repository/org/ow2/asm/asm/9.1/asm-9.1.jar:/Users/johnsonanikethnagamallah/.m2/repository/jakarta/xml/bind/jakarta.xml.bind-api/2.3.3/jakarta.xml.bind-api-2.3.3.jar:/Users/johnsonanikethnagamallah/.m2/repository/org/assertj/assertj-core/3.19.0/assertj-core-3.19.0.jar:/Users/johnsonanikethnagamallah/.m2/repository/org/hamcrest/hamcrest/2.2/hamcrest-2.2.jar:/Users/johnsonanikethnagamallah/.m2/repository/org/junit/jupiter/junit-jupiter/5.7.2/junit-jupiter-5.7.2.jar:/Users/johnsonanikethnagamallah/.m2/repository/org/junit/jupiter/junit-jupiter-api/5.7.2/junit-jupiter-api-5.7.2.jar:/Users/johnsonanikethnagamallah/.m2/repository/org/apiguardian/apiguardian-api/1.1.0/apiguardian-api-1.1.0.jar:/Users/johnsonanikethnagamallah/.m2/repository/org/opentest4j/opentest4j/1.2.0/opentest4j-1.2.0.jar:/Users/johnsonanikethnagamallah/.m2/repository/org/junit/platform/junit-platform-commons/1.7.2/junit-platform-commons-1.7.2.jar:/Users/johnsonanikethnagamallah/.m2/repository/org/junit/jupiter/junit-jupiter-params/5.7.2/junit-jupiter-params-5.7.2.jar:/Users/johnsonanikethnagamallah/.m2/repository/org/junit/jupiter/junit-jupiter-engine/5.7.2/junit-jupiter-engine-5.7.2.jar:/Users/johnsonanikethnagamallah/.m2/repository/org/junit/platform/junit-platform-engine/1.7.2/junit-platform-engine-1.7.2.jar:/Users/johnsonanikethnagamallah/.m2/repository/org/mockito/mockito-core/3.9.0/mockito-core-3.9.0.jar:/Users/johnsonanikethnagamallah/.m2/repository/net/bytebuddy/byte-buddy-agent/1.10.22/byte-buddy-agent-1.10.22.jar:/Users/johnsonanikethnagamallah/.m2/repository/org/objenesis/objenesis/3.2/objenesis-3.2.jar:/Users/johnsonanikethnagamallah/.m2/repository/org/mockito/mockito-junit-jupiter/3.9.0/mockito-junit-jupiter-3.9.0.jar:/Users/johnsonanikethnagamallah/.m2/repository/org/skyscreamer/jsonassert/1.5.0/jsonassert-1.5.0.jar:/Users/johnsonanikethnagamallah/.m2/repository/com/vaadin/external/google/android-json/0.0.20131108.vaadin1/android-json-0.0.20131108.vaadin1.jar:/Users/johnsonanikethnagamallah/.m2/repository/org/springframework/spring-core/5.3.12/spring-core-5.3.12.jar:/Users/johnsonanikethnagamallah/.m2/repository/org/springframework/spring-jcl/5.3.12/spring-jcl-5.3.12.jar:/Users/johnsonanikethnagamallah/.m2/repository/org/springframework/spring-test/5.3.12/spring-test-5.3.12.jar:/Users/johnsonanikethnagamallah/.m2/repository/org/xmlunit/xmlunit-core/2.8.3/xmlunit-core-2.8.3.jar:/Users/johnsonanikethnagamallah/.m2/repository/org/springframework/security/spring-security-test/5.5.3/spring-security-test-5.5.3.jar:/Users/johnsonanikethnagamallah/.m2/repository/org/springframework/security/spring-security-core/5.5.3/spring-security-core-5.5.3.jar:/Users/johnsonanikethnagamallah/.m2/repository/org/springframework/security/spring-security-crypto/5.5.3/spring-security-crypto-5.5.3.jar:"/>
    <property name="sun.cpu.endian" value="little"/>
    <property name="user.home" value="/Users/johnsonanikethnagamallah"/>
    <property name="user.language" value="en"/>
    <property name="java.specification.vendor" value="Oracle Corporation"/>
    <property name="java.version.date" value="2021-09-14"/>
    <property name="java.home" value="/opt/homebrew/Cellar/openjdk/17/libexec/openjdk.jdk/Contents/Home"/>
    <property name="file.separator" value="/"/>
    <property name="basedir" value="/Users/johnsonanikethnagamallah/Desktop/CloudComputing/assignment5/java_practice/webappcode"/>
    <property name="java.vm.compressedOopsMode" value="Zero based"/>
    <property name="line.separator" value="&#10;"/>
    <property name="java.specification.name" value="Java Platform API Specification"/>
    <property name="java.vm.specification.vendor" value="Oracle Corporation"/>
    <property name="surefire.real.class.path" value="/Users/johnsonanikethnagamallah/Desktop/CloudComputing/assignment5/java_practice/webappcode/target/surefire/surefirebooter12860475600834996937.jar"/>
    <property name="sun.management.compiler" value="HotSpot 64-Bit Tiered Compilers"/>
    <property name="ftp.nonProxyHosts" value="local|*.local|169.254/16|*.169.254/16"/>
    <property name="java.runtime.version" value="17+0"/>
    <property name="user.name" value="johnsonanikethnagamallah"/>
    <property name="path.separator" value=":"/>
    <property name="os.version" value="11.3.1"/>
    <property name="java.runtime.name" value="OpenJDK Runtime Environment"/>
    <property name="file.encoding" value="UTF-8"/>
    <property name="java.vm.name" value="OpenJDK 64-Bit Server VM"/>
    <property name="java.vendor.version" value="Homebrew"/>
    <property name="localRepository" value="/Users/johnsonanikethnagamallah/.m2/repository"/>
    <property name="java.vendor.url.bug" value="https://github.com/Homebrew/homebrew-core/issues"/>
    <property name="java.io.tmpdir" value="/var/folders/9l/820wmpzd5gg9k22rct2g_n0c0000gn/T/"/>
    <property name="java.version" value="17"/>
    <property name="user.dir" value="/Users/johnsonanikethnagamallah/Desktop/CloudComputing/assignment5/java_practice/webappcode"/>
    <property name="os.arch" value="aarch64"/>
    <property name="java.vm.specification.name" value="Java Virtual Machine Specification"/>
    <property name="native.encoding" value="UTF-8"/>
    <property name="java.library.path" value="/Users/johnsonanikethnagamallah/Library/Java/Extensions:/Library/Java/Extensions:/Network/Library/Java/Extensions:/System/Library/Java/Extensions:/usr/lib/java:."/>
    <property name="java.vm.info" value="mixed mode, sharing"/>
    <property name="java.vendor" value="Homebrew"/>
    <property name="java.vm.version" value="17+0"/>
    <property name="sun.io.unicode.encoding" value="UnicodeBig"/>
    <property name="socksNonProxyHosts" value="local|*.local|169.254/16|*.169.254/16"/>
    <property name="java.class.version" value="61.0"/>
  </properties>
  <testcase name="contextLoads" classname="com.webapp.cloud.AmiWebapp1ApplicationTests" time="0.066"/>
</testsuite>